[0724/230216.204:ERROR:process_memory_win.cc(73)] ReadMemory at 0x7ff6a3080000 of 64 bytes failed: Only part of a ReadProcessMemory or WriteProcessMemory request was completed. (0x12B)
[0724/230216.208:WARNING:pe_image_reader.cc(340)] could not read dos header from C:\Program Files (x86)\Google\Chrome\Application\chrome.exe
[0724/230216.208:ERROR:process_memory_win.cc(73)] ReadMemory at 0x7ffd44750000 of 64 bytes failed: Only part of a ReadProcessMemory or WriteProcessMemory request was completed. (0x12B)
[0724/230216.208:WARNING:pe_image_reader.cc(340)] could not read dos header from C:\WINDOWS\SYSTEM32\ntdll.dll
[0724/230216.208:ERROR:process_memory_win.cc(73)] ReadMemory at 0x7ffd42950000 of 64 bytes failed: Only part of a ReadProcessMemory or WriteProcessMemory request was completed. (0x12B)
[0724/230216.209:WARNING:pe_image_reader.cc(340)] could not read dos header from C:\WINDOWS\System32\KERNEL32.DLL
[0724/230216.209:ERROR:process_memory_win.cc(73)] ReadMemory at 0x7ffd40c30000 of 64 bytes failed: Only part of a ReadProcessMemory or WriteProcessMemory request was completed. (0x12B)
[0724/230216.209:WARNING:pe_image_reader.cc(340)] could not read dos header from C:\WINDOWS\System32\KERNELBASE.dll
[0724/230216.209:ERROR:process_memory_win.cc(73)] ReadMemory at 0x7ffd42bf0000 of 64 bytes failed: Only part of a ReadProcessMemory or WriteProcessMemory request was completed. (0x12B)
[0724/230216.209:WARNING:pe_image_reader.cc(340)] could not read dos header from C:\WINDOWS\System32\SHELL32.dll
[0724/230216.209:ERROR:process_memory_win.cc(73)] ReadMemory at 0x7ffd44200000 of 64 bytes failed: Only part of a ReadProcessMemory or WriteProcessMemory request was completed. (0x12B)
[0724/230216.209:WARNING:pe_image_reader.cc(340)] could not read dos header from C:\WINDOWS\System32\msvcrt.dll
[0724/230216.209:ERROR:process_memory_win.cc(73)] ReadMemory at 0x7ffd40bc0000 of 64 bytes failed: Only part of a ReadProcessMemory or WriteProcessMemory request was completed. (0x12B)
[0724/230216.209:WARNING:pe_image_reader.cc(340)] could not read dos header from C:\WINDOWS\System32\cfgmgr32.dll
[0724/230216.209:ERROR:process_memory_win.cc(73)] ReadMemory at 0x7ffd40ac0000 of 64 bytes failed: Only part of a ReadProcessMemory or WriteProcessMemory request was completed. (0x12B)
[0724/230216.209:WARNING:pe_image_reader.cc(340)] could not read dos header from C:\WINDOWS\System32\ucrtbase.dll
[0724/230216.209:ERROR:process_memory_win.cc(73)] ReadMemory at 0x7ffd428a0000 of 64 bytes failed: Only part of a ReadProcessMemory or WriteProcessMemory request was completed. (0x12B)
[0724/230216.209:WARNING:pe_image_reader.cc(340)] could not read dos header from C:\WINDOWS\System32\shcore.dll
[0724/230216.209:ERROR:process_memory_win.cc(73)] ReadMemory at 0x7ffd422c0000 of 64 bytes failed: Only part of a ReadProcessMemory or WriteProcessMemory request was completed. (0x12B)
[0724/230216.209:WARNING:pe_image_reader.cc(340)] could not read dos header from C:\WINDOWS\System32\RPCRT4.dll
[0724/230216.209:ERROR:process_memory_win.cc(73)] ReadMemory at 0x7ffd41ab0000 of 64 bytes failed: Only part of a ReadProcessMemory or WriteProcessMemory request was completed. (0x12B)
[0724/230216.209:WARNING:pe_image_reader.cc(340)] could not read dos header from C:\WINDOWS\System32\combase.dll
[0724/230216.209:ERROR:process_memory_win.cc(73)] ReadMemory at 0x7ffd40f30000 of 64 bytes failed: Only part of a ReadProcessMemory or WriteProcessMemory request was completed. (0x12B)
[0724/230216.209:WARNING:pe_image_reader.cc(340)] could not read dos header from C:\WINDOWS\System32\bcryptPrimitives.dll
[0724/230216.209:ERROR:process_memory_win.cc(73)] ReadMemory at 0x7ffd41230000 of 64 bytes failed: Only part of a ReadProcessMemory or WriteProcessMemory request was completed. (0x12B)
[0724/230216.209:WARNING:pe_image_reader.cc(340)] could not read dos header from C:\WINDOWS\System32\windows.storage.dll
[0724/230216.210:ERROR:process_memory_win.cc(73)] ReadMemory at 0x7ffd40a20000 of 64 bytes failed: Only part of a ReadProcessMemory or WriteProcessMemory request was completed. (0x12B)
[0724/230216.210:WARNING:pe_image_reader.cc(340)] could not read dos header from C:\WINDOWS\System32\msvcp_win.dll
[0724/230216.210:ERROR:process_memory_win.cc(73)] ReadMemory at 0x7ffd41df0000 of 64 bytes failed: Only part of a ReadProcessMemory or WriteProcessMemory request was completed. (0x12B)
[0724/230216.210:WARNING:pe_image_reader.cc(340)] could not read dos header from C:\WINDOWS\System32\sechost.dll
[0724/230216.210:ERROR:process_memory_win.cc(73)] ReadMemory at 0x7ffd44150000 of 64 bytes failed: Only part of a ReadProcessMemory or WriteProcessMemory request was completed. (0x12B)
[0724/230216.210:WARNING:pe_image_reader.cc(340)] could not read dos header from C:\WINDOWS\System32\advapi32.dll
[0724/230216.210:ERROR:process_memory_win.cc(73)] ReadMemory at 0x7ffd40770000 of 64 bytes failed: Only part of a ReadProcessMemory or WriteProcessMemory request was completed. (0x12B)
[0724/230216.210:WARNING:pe_image_reader.cc(340)] could not read dos header from C:\WINDOWS\System32\profapi.dll
[0724/230216.210:ERROR:process_memory_win.cc(73)] ReadMemory at 0x7ffd407a0000 of 64 bytes failed: Only part of a ReadProcessMemory or WriteProcessMemory request was completed. (0x12B)
[0724/230216.210:WARNING:pe_image_reader.cc(340)] could not read dos header from C:\WINDOWS\System32\powrprof.dll
[0724/230216.210:ERROR:process_memory_win.cc(73)] ReadMemory at 0x7ffd42000000 of 64 bytes failed: Only part of a ReadProcessMemory or WriteProcessMemory request was completed. (0x12B)
[0724/230216.210:WARNING:pe_image_reader.cc(340)] could not read dos header from C:\WINDOWS\System32\shlwapi.dll
[0724/230216.210:ERROR:process_memory_win.cc(73)] ReadMemory at 0x7ffd42650000 of 64 bytes failed: Only part of a ReadProcessMemory or WriteProcessMemory request was completed. (0x12B)
[0724/230216.210:WARNING:pe_image_reader.cc(340)] could not read dos header from C:\WINDOWS\System32\GDI32.dll
[0724/230216.210:ERROR:process_memory_win.cc(73)] ReadMemory at 0x7ffd40fb0000 of 64 bytes failed: Only part of a ReadProcessMemory or WriteProcessMemory request was completed. (0x12B)
[0724/230216.210:WARNING:pe_image_reader.cc(340)] could not read dos header from C:\WINDOWS\System32\gdi32full.dll
[0724/230216.210:ERROR:process_memory_win.cc(73)] ReadMemory at 0x1f900120000 of 64 bytes failed: Only part of a ReadProcessMemory or WriteProcessMemory request was completed. (0x12B)
[0724/230216.210:WARNING:pe_image_reader.cc(340)] could not read dos header from C:\WINDOWS\System32\USER32.dll
[0724/230216.210:ERROR:process_memory_win.cc(73)] ReadMemory at 0x7ffd40c10000 of 64 bytes failed: Only part of a ReadProcessMemory or WriteProcessMemory request was completed. (0x12B)
[0724/230216.210:WARNING:pe_image_reader.cc(340)] could not read dos header from C:\WINDOWS\System32\win32u.dll
[0724/230216.210:ERROR:process_memory_win.cc(73)] ReadMemory at 0x7ffd40800000 of 64 bytes failed: Only part of a ReadProcessMemory or WriteProcessMemory request was completed. (0x12B)
[0724/230216.210:WARNING:pe_image_reader.cc(340)] could not read dos header from C:\WINDOWS\System32\kernel.appcore.dll
[0724/230216.210:ERROR:process_memory_win.cc(73)] ReadMemory at 0x7ffd40a00000 of 64 bytes failed: Only part of a ReadProcessMemory or WriteProcessMemory request was completed. (0x12B)
[0724/230216.210:WARNING:pe_image_reader.cc(340)] could not read dos header from C:\WINDOWS\System32\cryptsp.dll
[0724/230216.210:ERROR:process_memory_win.cc(73)] ReadMemory at 0x7ffd398c0000 of 64 bytes failed: Only part of a ReadProcessMemory or WriteProcessMemory request was completed. (0x12B)
[0724/230216.210:WARNING:pe_image_reader.cc(340)] could not read dos header from C:\Program Files (x86)\Google\Chrome\Application\75.0.3770.100\chrome_elf.dll
[0724/230216.211:ERROR:process_memory_win.cc(73)] ReadMemory at 0x7ffd31190000 of 64 bytes failed: Only part of a ReadProcessMemory or WriteProcessMemory request was completed. (0x12B)
[0724/230216.211:WARNING:pe_image_reader.cc(340)] could not read dos header from C:\WINDOWS\SYSTEM32\VERSION.dll
[0724/230216.211:ERROR:process_memory_win.cc(73)] ReadMemory at 0x7ffd3d020000 of 64 bytes failed: Only part of a ReadProcessMemory or WriteProcessMemory request was completed. (0x12B)
[0724/230216.211:WARNING:pe_image_reader.cc(340)] could not read dos header from C:\WINDOWS\SYSTEM32\WINMM.dll
[0724/230216.211:ERROR:process_memory_win.cc(73)] ReadMemory at 0x7ffd40650000 of 64 bytes failed: Only part of a ReadProcessMemory or WriteProcessMemory request was completed. (0x12B)
[0724/230216.211:WARNING:pe_image_reader.cc(340)] could not read dos header from C:\WINDOWS\SYSTEM32\USERENV.dll
[0724/230216.211:ERROR:process_memory_win.cc(73)] ReadMemory at 0x7ffd3cff0000 of 64 bytes failed: Only part of a ReadProcessMemory or WriteProcessMemory request was completed. (0x12B)
[0724/230216.211:WARNING:pe_image_reader.cc(340)] could not read dos header from C:\WINDOWS\SYSTEM32\WINMMBASE.dll
[0724/230216.211:ERROR:process_memory_win.cc(73)] ReadMemory at 0x7ffd40130000 of 64 bytes failed: Only part of a ReadProcessMemory or WriteProcessMemory request was completed. (0x12B)
[0724/230216.211:WARNING:pe_image_reader.cc(340)] could not read dos header from C:\WINDOWS\SYSTEM32\CRYPTBASE.DLL
[0724/230216.211:ERROR:process_memory_win.cc(73)] ReadMemory at 0x7ffd42470000 of 64 bytes failed: Only part of a ReadProcessMemory or WriteProcessMemory request was completed. (0x12B)
[0724/230216.211:WARNING:pe_image_reader.cc(340)] could not read dos header from C:\WINDOWS\System32\IMM32.DLL
[0724/230216.211:ERROR:process_memory_win.cc(73)] ReadMemory at 0x7ffd40680000 of 64 bytes failed: Only part of a ReadProcessMemory or WriteProcessMemory request was completed. (0x12B)
[0724/230216.211:WARNING:pe_image_reader.cc(340)] could not read dos header from C:\WINDOWS\SYSTEM32\SspiCli.dll
[0724/230216.211:ERROR:process_memory_win.cc(73)] ReadMemory at 0x7ffd273e0000 of 64 bytes failed: Only part of a ReadProcessMemory or WriteProcessMemory request was completed. (0x12B)
[0724/230216.211:WARNING:pe_image_reader.cc(340)] could not read dos header from C:\Program Files\McAfee\Endpoint Security\Threat Prevention\Ips\EpMPApi.dll
[0724/230216.211:ERROR:process_memory_win.cc(73)] ReadMemory at 0x7ffd40ed0000 of 64 bytes failed: Only part of a ReadProcessMemory or WriteProcessMemory request was completed. (0x12B)
[0724/230216.211:WARNING:pe_image_reader.cc(340)] could not read dos header from C:\WINDOWS\System32\WINTRUST.dll
[0724/230216.211:ERROR:process_memory_win.cc(73)] ReadMemory at 0x7ffd40750000 of 64 bytes failed: Only part of a ReadProcessMemory or WriteProcessMemory request was completed. (0x12B)
[0724/230216.211:WARNING:pe_image_reader.cc(340)] could not read dos header from C:\WINDOWS\System32\MSASN1.dll
[0724/230216.211:ERROR:process_memory_win.cc(73)] ReadMemory at 0x7ffd40820000 of 64 bytes failed: Only part of a ReadProcessMemory or WriteProcessMemory request was completed. (0x12B)
[0724/230216.211:WARNING:pe_image_reader.cc(340)] could not read dos header from C:\WINDOWS\System32\CRYPT32.dll
[0724/230216.211:ERROR:process_memory_win.cc(73)] ReadMemory at 0x7ffce9b90000 of 64 bytes failed: Only part of a ReadProcessMemory or WriteProcessMemory request was completed. (0x12B)
[0724/230216.211:WARNING:pe_image_reader.cc(340)] could not read dos header from C:\Program Files (x86)\Google\Chrome\Application\75.0.3770.100\chrome_child.dll
[0724/230216.211:ERROR:process_memory_win.cc(73)] ReadMemory at 0x7ffd440e0000 of 64 bytes failed: Only part of a ReadProcessMemory or WriteProcessMemory request was completed. (0x12B)
[0724/230216.211:WARNING:pe_image_reader.cc(340)] could not read dos header from C:\WINDOWS\System32\WS2_32.dll
[0724/230216.212:ERROR:process_memory_win.cc(73)] ReadMemory at 0x7ffd420e0000 of 64 bytes failed: Only part of a ReadProcessMemory or WriteProcessMemory request was completed. (0x12B)
[0724/230216.212:WARNING:pe_image_reader.cc(340)] could not read dos header from C:\WINDOWS\System32\ole32.dll
[0724/230216.212:ERROR:process_memory_win.cc(73)] ReadMemory at 0x1f900710000 of 64 bytes failed: Only part of a ReadProcessMemory or WriteProcessMemory request was completed. (0x12B)
[0724/230216.212:WARNING:pe_image_reader.cc(340)] could not read dos header from C:\WINDOWS\System32\OLEAUT32.dll
[0724/230216.212:ERROR:process_memory_win.cc(73)] ReadMemory at 0x7ffd41980000 of 64 bytes failed: Only part of a ReadProcessMemory or WriteProcessMemory request was completed. (0x12B)
[0724/230216.212:WARNING:pe_image_reader.cc(340)] could not read dos header from C:\WINDOWS\System32\COMDLG32.dll
[0724/230216.212:ERROR:process_memory_win.cc(73)] ReadMemory at 0x7ffd3fcc0000 of 64 bytes failed: Only part of a ReadProcessMemory or WriteProcessMemory request was completed. (0x12B)
[0724/230216.212:WARNING:pe_image_reader.cc(340)] could not read dos header from C:\WINDOWS\SYSTEM32\IPHLPAPI.DLL
[0724/230216.212:ERROR:process_memory_win.cc(73)] ReadMemory at 0x7ffd30810000 of 64 bytes failed: Only part of a ReadProcessMemory or WriteProcessMemory request was completed. (0x12B)
[0724/230216.212:WARNING:pe_image_reader.cc(340)] could not read dos header from C:\WINDOWS\SYSTEM32\OLEACC.dll
[0724/230216.212:ERROR:process_memory_win.cc(73)] ReadMemory at 0x7ffd1faf0000 of 64 bytes failed: Only part of a ReadProcessMemory or WriteProcessMemory request was completed. (0x12B)
[0724/230216.212:WARNING:pe_image_reader.cc(340)] could not read dos header from C:\WINDOWS\SYSTEM32\UIAutomationCore.DLL
[0724/230216.212:ERROR:process_memory_win.cc(73)] ReadMemory at 0x7ffd3cbc0000 of 64 bytes failed: Only part of a ReadProcessMemory or WriteProcessMemory request was completed. (0x12B)
[0724/230216.212:WARNING:pe_image_reader.cc(340)] could not read dos header from C:\WINDOWS\SYSTEM32\WTSAPI32.dll
[0724/230216.212:ERROR:process_memory_win.cc(73)] ReadMemory at 0x7ffd35a00000 of 64 bytes failed: Only part of a ReadProcessMemory or WriteProcessMemory request was completed. (0x12B)
[0724/230216.212:WARNING:pe_image_reader.cc(340)] could not read dos header from C:\WINDOWS\SYSTEM32\DWrite.dll
[0724/230216.212:ERROR:process_memory_win.cc(73)] ReadMemory at 0x7ffd3f100000 of 64 bytes failed: Only part of a ReadProcessMemory or WriteProcessMemory request was completed. (0x12B)
[0724/230216.212:WARNING:pe_image_reader.cc(340)] could not read dos header from C:\WINDOWS\SYSTEM32\dxgi.dll
[0724/230216.212:ERROR:process_memory_win.cc(73)] ReadMemory at 0x7ffd2d680000 of 64 bytes failed: Only part of a ReadProcessMemory or WriteProcessMemory request was completed. (0x12B)
[0724/230216.212:WARNING:pe_image_reader.cc(340)] could not read dos header from C:\WINDOWS\SYSTEM32\WINSPOOL.DRV
[0724/230216.212:ERROR:process_memory_win.cc(73)] ReadMemory at 0x7ffd41150000 of 64 bytes failed: Only part of a ReadProcessMemory or WriteProcessMemory request was completed. (0x12B)
[0724/230216.212:WARNING:pe_image_reader.cc(340)] could not read dos header from C:\WINDOWS\System32\bcrypt.dll
[0724/230216.212:ERROR:process_memory_win.cc(73)] ReadMemory at 0x7ffd308d0000 of 64 bytes failed: Only part of a ReadProcessMemory or WriteProcessMemory request was completed. (0x12B)
[0724/230216.212:WARNING:pe_image_reader.cc(340)] could not read dos header from C:\WINDOWS\SYSTEM32\dbghelp.dll
[0724/230216.213:ERROR:process_memory_win.cc(73)] ReadMemory at 0x7ffd3f3d0000 of 64 bytes failed: Only part of a ReadProcessMemory or WriteProcessMemory request was completed. (0x12B)
[0724/230216.213:WARNING:pe_image_reader.cc(340)] could not read dos header from C:\WINDOWS\WinSxS\amd64_microsoft.windows.common-controls_6595b64144ccf1df_6.0.17763.615_none_05b4414a072024d4\COMCTL32.dll
[0724/230216.213:ERROR:process_memory_win.cc(73)] ReadMemory at 0x7ffd28080000 of 64 bytes failed: Only part of a ReadProcessMemory or WriteProcessMemory request was completed. (0x12B)
[0724/230216.213:WARNING:pe_image_reader.cc(340)] could not read dos header from C:\WINDOWS\SYSTEM32\USP10.dll
[0724/230216.213:ERROR:process_memory_win.cc(73)] ReadMemory at 0x7ffd360f0000 of 64 bytes failed: Only part of a ReadProcessMemory or WriteProcessMemory request was completed. (0x12B)
[0724/230216.213:WARNING:pe_image_reader.cc(340)] could not read dos header from C:\WINDOWS\SYSTEM32\WINHTTP.dll
[0724/230216.213:ERROR:process_memory_win.cc(73)] ReadMemory at 0x7ffd35d00000 of 64 bytes failed: Only part of a ReadProcessMemory or WriteProcessMemory request was completed. (0x12B)
[0724/230216.213:WARNING:pe_image_reader.cc(340)] could not read dos header from C:\WINDOWS\SYSTEM32\urlmon.dll
[0724/230216.213:ERROR:process_memory_win.cc(73)] ReadMemory at 0x7ffd3f650000 of 64 bytes failed: Only part of a ReadProcessMemory or WriteProcessMemory request was completed. (0x12B)
[0724/230216.213:WARNING:pe_image_reader.cc(340)] could not read dos header from C:\WINDOWS\SYSTEM32\Secur32.dll
[0724/230216.213:ERROR:process_memory_win.cc(73)] ReadMemory at 0x7ffd3a150000 of 64 bytes failed: Only part of a ReadProcessMemory or WriteProcessMemory request was completed. (0x12B)
[0724/230216.213:WARNING:pe_image_reader.cc(340)] could not read dos header from C:\WINDOWS\SYSTEM32\dhcpcsvc.DLL
[0724/230216.213:ERROR:process_memory_win.cc(73)] ReadMemory at 0x7ffd41de0000 of 64 bytes failed: Only part of a ReadProcessMemory or WriteProcessMemory request was completed. (0x12B)
[0724/230216.213:WARNING:pe_image_reader.cc(340)] could not read dos header from C:\WINDOWS\System32\NSI.dll
[0724/230216.213:ERROR:process_memory_win.cc(73)] ReadMemory at 0x7ffd37c00000 of 64 bytes failed: Only part of a ReadProcessMemory or WriteProcessMemory request was completed. (0x12B)
[0724/230216.213:WARNING:pe_image_reader.cc(340)] could not read dos header from C:\WINDOWS\SYSTEM32\Bcp47Langs.dll
[0724/230216.213:ERROR:process_memory_win.cc(73)] ReadMemory at 0x7ffd3c4e0000 of 64 bytes failed: Only part of a ReadProcessMemory or WriteProcessMemory request was completed. (0x12B)
[0724/230216.213:WARNING:pe_image_reader.cc(340)] could not read dos header from C:\WINDOWS\SYSTEM32\PROPSYS.dll
[0724/230216.213:ERROR:process_memory_win.cc(73)] ReadMemory at 0x7ffd36460000 of 64 bytes failed: Only part of a ReadProcessMemory or WriteProcessMemory request was completed. (0x12B)
[0724/230216.213:WARNING:pe_image_reader.cc(340)] could not read dos header from C:\WINDOWS\SYSTEM32\iertutil.dll
[0724/230216.241:ERROR:process_memory_win.cc(73)] ReadMemory at 0x2dcb9ec000 of 81920 bytes failed: Only part of a ReadProcessMemory or WriteProcessMemory request was completed. (0x12B)
[0724/230216.242:ERROR:process_memory_win.cc(73)] ReadMemory at 0x2dcbdfd000 of 12288 bytes failed: Only part of a ReadProcessMemory or WriteProcessMemory request was completed. (0x12B)
[0724/230216.242:ERROR:process_memory_win.cc(73)] ReadMemory at 0x2dcbffa000 of 24576 bytes failed: Only part of a ReadProcessMemory or WriteProcessMemory request was completed. (0x12B)
[0724/230216.242:ERROR:process_memory_win.cc(73)] ReadMemory at 0x2dcc1fd000 of 12288 bytes failed: Only part of a ReadProcessMemory or WriteProcessMemory request was completed. (0x12B)
[0724/230216.242:ERROR:process_memory_win.cc(73)] ReadMemory at 0x2dcc3fc000 of 16384 bytes failed: Only part of a ReadProcessMemory or WriteProcessMemory request was completed. (0x12B)
[0724/230216.243:ERROR:process_memory_win.cc(73)] ReadMemory at 0x2dcc5ff000 of 4096 bytes failed: Only part of a ReadProcessMemory or WriteProcessMemory request was completed. (0x12B)
[0724/230216.243:ERROR:process_memory_win.cc(73)] ReadMemory at 0x2dcc7fd000 of 12288 bytes failed: Only part of a ReadProcessMemory or WriteProcessMemory request was completed. (0x12B)
[0724/230216.243:ERROR:process_memory_win.cc(73)] ReadMemory at 0x2dcc9fb000 of 20480 bytes failed: Only part of a ReadProcessMemory or WriteProcessMemory request was completed. (0x12B)
[0724/230216.243:ERROR:process_memory_win.cc(73)] ReadMemory at 0x2dccbfd000 of 12288 bytes failed: Only part of a ReadProcessMemory or WriteProcessMemory request was completed. (0x12B)
[0724/230216.243:ERROR:process_memory_win.cc(73)] ReadMemory at 0x2dccdfc000 of 16384 bytes failed: Only part of a ReadProcessMemory or WriteProcessMemory request was completed. (0x12B)
[0724/230216.243:ERROR:process_memory_win.cc(73)] ReadMemory at 0x2dccffc000 of 16384 bytes failed: Only part of a ReadProcessMemory or WriteProcessMemory request was completed. (0x12B)
[0724/230216.243:ERROR:process_memory_win.cc(73)] ReadMemory at 0x2dcd1fd000 of 12288 bytes failed: Only part of a ReadProcessMemory or WriteProcessMemory request was completed. (0x12B)
[0724/230216.244:ERROR:process_memory_win.cc(73)] ReadMemory at 0x2dcbbfd000 of 12288 bytes failed: Only part of a ReadProcessMemory or WriteProcessMemory request was completed. (0x12B)
[0724/230216.244:ERROR:process_memory_win.cc(73)] ReadMemory at 0x2dcd3fc000 of 16384 bytes failed: Only part of a ReadProcessMemory or WriteProcessMemory request was completed. (0x12B)
[0724/230216.244:ERROR:process_memory_win.cc(73)] ReadMemory at 0x2dcd5fc000 of 16384 bytes failed: Only part of a ReadProcessMemory or WriteProcessMemory request was completed. (0x12B)
[0724/230216.244:ERROR:process_memory_win.cc(73)] ReadMemory at 0x2dcd7fd000 of 12288 bytes failed: Only part of a ReadProcessMemory or WriteProcessMemory request was completed. (0x12B)
[0724/230216.244:ERROR:process_memory_win.cc(73)] ReadMemory at 0x2dcb74d000 of 852 bytes failed: Only part of a ReadProcessMemory or WriteProcessMemory request was completed. (0x12B)
[0724/230216.244:ERROR:process_memory_win.cc(73)] ReadMemory at 0x2dcb74e000 of 6024 bytes failed: Only part of a ReadProcessMemory or WriteProcessMemory request was completed. (0x12B)
[0724/230216.244:ERROR:process_memory_win.cc(73)] ReadMemory at 0x2dcb752000 of 6024 bytes failed: Only part of a ReadProcessMemory or WriteProcessMemory request was completed. (0x12B)
[0724/230216.244:ERROR:process_memory_win.cc(73)] ReadMemory at 0x2dcb754000 of 6024 bytes failed: Only part of a ReadProcessMemory or WriteProcessMemory request was completed. (0x12B)
[0724/230216.244:ERROR:process_memory_win.cc(73)] ReadMemory at 0x2dcb756000 of 6024 bytes failed: Only part of a ReadProcessMemory or WriteProcessMemory request was completed. (0x12B)
[0724/230216.244:ERROR:process_memory_win.cc(73)] ReadMemory at 0x2dcb758000 of 6024 bytes failed: Only part of a ReadProcessMemory or WriteProcessMemory request was completed. (0x12B)
[0724/230216.245:ERROR:process_memory_win.cc(73)] ReadMemory at 0x2dcb75a000 of 6024 bytes failed: Only part of a ReadProcessMemory or WriteProcessMemory request was completed. (0x12B)
[0724/230216.245:ERROR:process_memory_win.cc(73)] ReadMemory at 0x2dcb75c000 of 6024 bytes failed: Only part of a ReadProcessMemory or WriteProcessMemory request was completed. (0x12B)
[0724/230216.245:ERROR:process_memory_win.cc(73)] ReadMemory at 0x2dcb75e000 of 6024 bytes failed: Only part of a ReadProcessMemory or WriteProcessMemory request was completed. (0x12B)
[0724/230216.245:ERROR:process_memory_win.cc(73)] ReadMemory at 0x2dcb760000 of 6024 bytes failed: Only part of a ReadProcessMemory or WriteProcessMemory request was completed. (0x12B)
[0724/230216.245:ERROR:process_memory_win.cc(73)] ReadMemory at 0x2dcb762000 of 6024 bytes failed: Only part of a ReadProcessMemory or WriteProcessMemory request was completed. (0x12B)
[0724/230216.245:ERROR:process_memory_win.cc(73)] ReadMemory at 0x2dcb764000 of 6024 bytes failed: Only part of a ReadProcessMemory or WriteProcessMemory request was completed. (0x12B)
[0724/230216.245:ERROR:process_memory_win.cc(73)] ReadMemory at 0x2dcb766000 of 6024 bytes failed: Only part of a ReadProcessMemory or WriteProcessMemory request was completed. (0x12B)
[0724/230216.245:ERROR:process_memory_win.cc(73)] ReadMemory at 0x2dcb768000 of 6024 bytes failed: Only part of a ReadProcessMemory or WriteProcessMemory request was completed. (0x12B)
[0724/230216.245:ERROR:process_memory_win.cc(73)] ReadMemory at 0x2dcb76a000 of 6024 bytes failed: Only part of a ReadProcessMemory or WriteProcessMemory request was completed. (0x12B)
[0724/230216.245:ERROR:process_memory_win.cc(73)] ReadMemory at 0x2dcb76c000 of 6024 bytes failed: Only part of a ReadProcessMemory or WriteProcessMemory request was completed. (0x12B)
[0724/230216.245:ERROR:process_memory_win.cc(73)] ReadMemory at 0x2dcb76e000 of 6024 bytes failed: Only part of a ReadProcessMemory or WriteProcessMemory request was completed. (0x12B)
[0724/230216.246:ERROR:process_memory_win.cc(73)] ReadMemory at 0x1f900401000 of 512 bytes failed: Only part of a ReadProcessMemory or WriteProcessMemory request was completed. (0x12B)
[0724/230216.246:ERROR:process_memory_win.cc(73)] ReadMemory at 0x1f9004031c0 of 512 bytes failed: Only part of a ReadProcessMemory or WriteProcessMemory request was completed. (0x12B)
[0724/230216.246:ERROR:process_memory_win.cc(73)] ReadMemory at 0x1f900822550 of 512 bytes failed: Only part of a ReadProcessMemory or WriteProcessMemory request was completed. (0x12B)
[0724/230216.246:ERROR:process_memory_win.cc(73)] ReadMemory at 0x1f90083f5a0 of 712 bytes failed: Only part of a ReadProcessMemory or WriteProcessMemory request was completed. (0x12B)
[0724/230216.246:ERROR:process_memory_win.cc(73)] ReadMemory at 0x1f900841820 of 512 bytes failed: Only part of a ReadProcessMemory or WriteProcessMemory request was completed. (0x12B)
[0724/230216.246:ERROR:process_memory_win.cc(73)] ReadMemory at 0x1f9008502a0 of 512 bytes failed: Only part of a ReadProcessMemory or WriteProcessMemory request was completed. (0x12B)
[0724/230216.246:ERROR:process_memory_win.cc(73)] ReadMemory at 0x1f90085e510 of 512 bytes failed: Only part of a ReadProcessMemory or WriteProcessMemory request was completed. (0x12B)
[0724/230216.246:ERROR:process_memory_win.cc(73)] ReadMemory at 0x1f90085f4e0 of 512 bytes failed: Only part of a ReadProcessMemory or WriteProcessMemory request was completed. (0x12B)
[0724/230216.246:ERROR:process_memory_win.cc(73)] ReadMemory at 0x1f90085f6f0 of 512 bytes failed: Only part of a ReadProcessMemory or WriteProcessMemory request was completed. (0x12B)
[0724/230216.246:ERROR:process_memory_win.cc(73)] ReadMemory at 0x1f90376fef0 of 512 bytes failed: Only part of a ReadProcessMemory or WriteProcessMemory request was completed. (0x12B)
[0724/230216.246:ERROR:process_memory_win.cc(73)] ReadMemory at 0x1f90378c980 of 512 bytes failed: Only part of a ReadProcessMemory or WriteProcessMemory request was completed. (0x12B)
[0724/230216.246:ERROR:process_memory_win.cc(73)] ReadMemory at 0x1f9037f1b30 of 600 bytes failed: Only part of a ReadProcessMemory or WriteProcessMemory request was completed. (0x12B)
[0724/230216.246:ERROR:process_memory_win.cc(73)] ReadMemory at 0x1f903866070 of 512 bytes failed: Only part of a ReadProcessMemory or WriteProcessMemory request was completed. (0x12B)
[0724/230216.246:ERROR:process_memory_win.cc(73)] ReadMemory at 0x1f903872a10 of 512 bytes failed: Only part of a ReadProcessMemory or WriteProcessMemory request was completed. (0x12B)
[0724/230216.247:ERROR:process_memory_win.cc(73)] ReadMemory at 0x1f9046ca450 of 512 bytes failed: Only part of a ReadProcessMemory or WriteProcessMemory request was completed. (0x12B)
[0724/230216.247:ERROR:process_memory_win.cc(73)] ReadMemory at 0x1f90470a0e8 of 512 bytes failed: Only part of a ReadProcessMemory or WriteProcessMemory request was completed. (0x12B)
[0724/230216.247:ERROR:process_memory_win.cc(73)] ReadMemory at 0x1f904733680 of 512 bytes failed: Only part of a ReadProcessMemory or WriteProcessMemory request was completed. (0x12B)
[0724/230216.247:ERROR:process_memory_win.cc(73)] ReadMemory at 0x1f904e6bf60 of 512 bytes failed: Only part of a ReadProcessMemory or WriteProcessMemory request was completed. (0x12B)
[0724/230216.247:ERROR:process_memory_win.cc(73)] ReadMemory at 0x1f904e6e1f0 of 512 bytes failed: Only part of a ReadProcessMemory or WriteProcessMemory request was completed. (0x12B)
[0724/230216.247:ERROR:process_memory_win.cc(73)] ReadMemory at 0x1f904ef47a0 of 512 bytes failed: Only part of a ReadProcessMemory or WriteProcessMemory request was completed. (0x12B)
[0724/230216.247:ERROR:process_memory_win.cc(73)] ReadMemory at 0x1f904f04bc0 of 520 bytes failed: Only part of a ReadProcessMemory or WriteProcessMemory request was completed. (0x12B)
[0724/230216.247:ERROR:process_memory_win.cc(73)] ReadMemory at 0x1f904fd8aa0 of 512 bytes failed: Only part of a ReadProcessMemory or WriteProcessMemory request was completed. (0x12B)
[0724/230216.247:ERROR:process_memory_win.cc(73)] ReadMemory at 0x1f94a3d0fe0 of 4590 bytes failed: Only part of a ReadProcessMemory or WriteProcessMemory request was completed. (0x12B)
[0724/230216.247:ERROR:process_memory_win.cc(73)] ReadMemory at 0x1f94a3d21e0 of 1012 bytes failed: Only part of a ReadProcessMemory or WriteProcessMemory request was completed. (0x12B)
[0724/230216.247:ERROR:process_memory_win.cc(73)] ReadMemory at 0x1f94a3d2808 of 118 bytes failed: Only part of a ReadProcessMemory or WriteProcessMemory request was completed. (0x12B)
[0724/230216.247:ERROR:process_memory_win.cc(73)] ReadMemory at 0x1f94a3d2880 of 1466 bytes failed: Only part of a ReadProcessMemory or WriteProcessMemory request was completed. (0x12B)
[0724/230216.247:ERROR:process_memory_win.cc(73)] ReadMemory at 0x1f94a3d2e3c of 118 bytes failed: Only part of a ReadProcessMemory or WriteProcessMemory request was completed. (0x12B)
[0724/230216.247:ERROR:process_memory_win.cc(73)] ReadMemory at 0x1f94a3d2eb4 of 96 bytes failed: Only part of a ReadProcessMemory or WriteProcessMemory request was completed. (0x12B)
[0724/230216.247:ERROR:process_memory_win.cc(73)] ReadMemory at 0x1f94a3d2f20 of 58 bytes failed: Only part of a ReadProcessMemory or WriteProcessMemory request was completed. (0x12B)
[0724/230216.248:ERROR:process_memory_win.cc(73)] ReadMemory at 0x1f94a3d3020 of 132 bytes failed: Only part of a ReadProcessMemory or WriteProcessMemory request was completed. (0x12B)
[0724/230216.248:ERROR:process_memory_win.cc(73)] ReadMemory at 0x1f94a3d31b0 of 132 bytes failed: Only part of a ReadProcessMemory or WriteProcessMemory request was completed. (0x12B)
[0724/230216.248:ERROR:process_memory_win.cc(73)] ReadMemory at 0x1f94a3d3370 of 126 bytes failed: Only part of a ReadProcessMemory or WriteProcessMemory request was completed. (0x12B)
[0724/230216.248:ERROR:process_memory_win.cc(73)] ReadMemory at 0x1f94a3d3750 of 132 bytes failed: Only part of a ReadProcessMemory or WriteProcessMemory request was completed. (0x12B)
[0724/230216.248:ERROR:process_memory_win.cc(73)] ReadMemory at 0x1f94a3d38e0 of 64 bytes failed: Only part of a ReadProcessMemory or WriteProcessMemory request was completed. (0x12B)
[0724/230216.248:ERROR:process_memory_win.cc(73)] ReadMemory at 0x1f94a3d3aa0 of 132 bytes failed: Only part of a ReadProcessMemory or WriteProcessMemory request was completed. (0x12B)
[0724/230216.248:ERROR:process_memory_win.cc(73)] ReadMemory at 0x1f94a3d3bd0 of 62 bytes failed: Only part of a ReadProcessMemory or WriteProcessMemory request was completed. (0x12B)
[0724/230216.248:ERROR:process_memory_win.cc(73)] ReadMemory at 0x1f94a3d3d40 of 132 bytes failed: Only part of a ReadProcessMemory or WriteProcessMemory request was completed. (0x12B)
[0724/230216.248:ERROR:process_memory_win.cc(73)] ReadMemory at 0x1f94a3d3ed0 of 68 bytes failed: Only part of a ReadProcessMemory or WriteProcessMemory request was completed. (0x12B)
[0724/230216.248:ERROR:process_memory_win.cc(73)] ReadMemory at 0x1f94a3d50b0 of 132 bytes failed: Only part of a ReadProcessMemory or WriteProcessMemory request was completed. (0x12B)
[0724/230216.248:ERROR:process_memory_win.cc(73)] ReadMemory at 0x1f94a3d5570 of 132 bytes failed: Only part of a ReadProcessMemory or WriteProcessMemory request was completed. (0x12B)
[0724/230216.248:ERROR:process_memory_win.cc(73)] ReadMemory at 0x1f94a3d5700 of 60 bytes failed: Only part of a ReadProcessMemory or WriteProcessMemory request was completed. (0x12B)
[0724/230216.248:ERROR:process_memory_win.cc(73)] ReadMemory at 0x1f94a3d5920 of 132 bytes failed: Only part of a ReadProcessMemory or WriteProcessMemory request was completed. (0x12B)
[0724/230216.249:ERROR:process_memory_win.cc(73)] ReadMemory at 0x1f94a3d5ab0 of 64 bytes failed: Only part of a ReadProcessMemory or WriteProcessMemory request was completed. (0x12B)
[0724/230216.249:ERROR:process_memory_win.cc(73)] ReadMemory at 0x1f94a3d5d30 of 132 bytes failed: Only part of a ReadProcessMemory or WriteProcessMemory request was completed. (0x12B)
[0724/230216.249:ERROR:process_memory_win.cc(73)] ReadMemory at 0x1f94a3d5ec0 of 64 bytes failed: Only part of a ReadProcessMemory or WriteProcessMemory request was completed. (0x12B)
[0724/230216.249:ERROR:process_memory_win.cc(73)] ReadMemory at 0x1f94a3d6120 of 132 bytes failed: Only part of a ReadProcessMemory or WriteProcessMemory request was completed. (0x12B)
[0724/230216.249:ERROR:process_memory_win.cc(73)] ReadMemory at 0x1f94a3d62b0 of 60 bytes failed: Only part of a ReadProcessMemory or WriteProcessMemory request was completed. (0x12B)
[0724/230216.249:ERROR:process_memory_win.cc(73)] ReadMemory at 0x1f94a3d64e0 of 158 bytes failed: Only part of a ReadProcessMemory or WriteProcessMemory request was completed. (0x12B)
[0724/230216.249:ERROR:process_memory_win.cc(73)] ReadMemory at 0x1f94a3d65c0 of 132 bytes failed: Only part of a ReadProcessMemory or WriteProcessMemory request was completed. (0x12B)
[0724/230216.249:ERROR:process_memory_win.cc(73)] ReadMemory at 0x1f94a3d6750 of 60 bytes failed: Only part of a ReadProcessMemory or WriteProcessMemory request was completed. (0x12B)
[0724/230216.249:ERROR:process_memory_win.cc(73)] ReadMemory at 0x1f94a3d6990 of 132 bytes failed: Only part of a ReadProcessMemory or WriteProcessMemory request was completed. (0x12B)
[0724/230216.249:ERROR:process_memory_win.cc(73)] ReadMemory at 0x1f94a3d6b20 of 62 bytes failed: Only part of a ReadProcessMemory or WriteProcessMemory request was completed. (0x12B)
[0724/230216.249:ERROR:process_memory_win.cc(73)] ReadMemory at 0x1f94a3d6ea0 of 132 bytes failed: Only part of a ReadProcessMemory or WriteProcessMemory request was completed. (0x12B)
[0724/230216.249:ERROR:process_memory_win.cc(73)] ReadMemory at 0x1f94a3d7030 of 80 bytes failed: Only part of a ReadProcessMemory or WriteProcessMemory request was completed. (0x12B)
[0724/230216.249:ERROR:process_memory_win.cc(73)] ReadMemory at 0x1f94a3d9670 of 132 bytes failed: Only part of a ReadProcessMemory or WriteProcessMemory request was completed. (0x12B)
[0724/230216.249:ERROR:process_memory_win.cc(73)] ReadMemory at 0x1f94a3d98b0 of 76 bytes failed: Only part of a ReadProcessMemory or WriteProcessMemory request was completed. (0x12B)
[0724/230216.250:ERROR:process_memory_win.cc(73)] ReadMemory at 0x1f94a3d9c70 of 78 bytes failed: Only part of a ReadProcessMemory or WriteProcessMemory request was completed. (0x12B)
[0724/230216.250:ERROR:process_memory_win.cc(73)] ReadMemory at 0x1f94a3dabc0 of 132 bytes failed: Only part of a ReadProcessMemory or WriteProcessMemory request was completed. (0x12B)
[0724/230216.250:ERROR:process_memory_win.cc(73)] ReadMemory at 0x1f94a3dacf0 of 66 bytes failed: Only part of a ReadProcessMemory or WriteProcessMemory request was completed. (0x12B)
[0724/230216.250:ERROR:process_memory_win.cc(73)] ReadMemory at 0x1f94a3daf30 of 132 bytes failed: Only part of a ReadProcessMemory or WriteProcessMemory request was completed. (0x12B)
[0724/230216.250:ERROR:process_memory_win.cc(73)] ReadMemory at 0x1f94a3db060 of 62 bytes failed: Only part of a ReadProcessMemory or WriteProcessMemory request was completed. (0x12B)
[0724/230216.250:ERROR:process_memory_win.cc(73)] ReadMemory at 0x1f94a3db2c0 of 132 bytes failed: Only part of a ReadProcessMemory or WriteProcessMemory request was completed. (0x12B)
[0724/230216.250:ERROR:process_memory_win.cc(73)] ReadMemory at 0x1f94a3db3f0 of 64 bytes failed: Only part of a ReadProcessMemory or WriteProcessMemory request was completed. (0x12B)
[0724/230216.250:ERROR:process_memory_win.cc(73)] ReadMemory at 0x1f94a3db680 of 132 bytes failed: Only part of a ReadProcessMemory or WriteProcessMemory request was completed. (0x12B)
[0724/230216.250:ERROR:process_memory_win.cc(73)] ReadMemory at 0x1f94a3db7b0 of 132 bytes failed: Only part of a ReadProcessMemory or WriteProcessMemory request was completed. (0x12B)
[0724/230216.250:ERROR:process_memory_win.cc(73)] ReadMemory at 0x1f94a3db8e0 of 132 bytes failed: Only part of a ReadProcessMemory or WriteProcessMemory request was completed. (0x12B)
[0724/230216.250:ERROR:process_memory_win.cc(73)] ReadMemory at 0x1f94a3dba10 of 132 bytes failed: Only part of a ReadProcessMemory or WriteProcessMemory request was completed. (0x12B)
[0724/230216.250:ERROR:process_memory_win.cc(73)] ReadMemory at 0x1f94a3dbb40 of 132 bytes failed: Only part of a ReadProcessMemory or WriteProcessMemory request was completed. (0x12B)
[0724/230216.250:ERROR:process_memory_win.cc(73)] ReadMemory at 0x1f94a3dbc70 of 132 bytes failed: Only part of a ReadProcessMemory or WriteProcessMemory request was completed. (0x12B)
[0724/230216.250:ERROR:process_memory_win.cc(73)] ReadMemory at 0x1f94a3dbda0 of 132 bytes failed: Only part of a ReadProcessMemory or WriteProcessMemory request was completed. (0x12B)
[0724/230216.250:ERROR:process_memory_win.cc(73)] ReadMemory at 0x1f94a3dbed0 of 132 bytes failed: Only part of a ReadProcessMemory or WriteProcessMemory request was completed. (0x12B)
[0724/230216.250:ERROR:process_memory_win.cc(73)] ReadMemory at 0x1f94a3dc000 of 132 bytes failed: Only part of a ReadProcessMemory or WriteProcessMemory request was completed. (0x12B)
[0724/230216.251:ERROR:process_memory_win.cc(73)] ReadMemory at 0x1f94a3dc130 of 132 bytes failed: Only part of a ReadProcessMemory or WriteProcessMemory request was completed. (0x12B)
[0724/230216.251:ERROR:process_memory_win.cc(73)] ReadMemory at 0x1f94a3dc260 of 132 bytes failed: Only part of a ReadProcessMemory or WriteProcessMemory request was completed. (0x12B)
[0724/230216.251:ERROR:process_memory_win.cc(73)] ReadMemory at 0x1f94a3dc390 of 132 bytes failed: Only part of a ReadProcessMemory or WriteProcessMemory request was completed. (0x12B)
[0724/230216.251:ERROR:process_memory_win.cc(73)] ReadMemory at 0x1f94a3dc4c0 of 132 bytes failed: Only part of a ReadProcessMemory or WriteProcessMemory request was completed. (0x12B)
[0724/230216.251:ERROR:process_memory_win.cc(73)] ReadMemory at 0x1f94a3dc6e0 of 62 bytes failed: Only part of a ReadProcessMemory or WriteProcessMemory request was completed. (0x12B)
[0724/230216.251:ERROR:process_memory_win.cc(73)] ReadMemory at 0x1f94a3dc7d0 of 62 bytes failed: Only part of a ReadProcessMemory or WriteProcessMemory request was completed. (0x12B)
[0724/230216.251:ERROR:process_memory_win.cc(73)] ReadMemory at 0x1f94a3dc820 of 62 bytes failed: Only part of a ReadProcessMemory or WriteProcessMemory request was completed. (0x12B)
[0724/230216.251:ERROR:process_memory_win.cc(73)] ReadMemory at 0x1f94a3dc8c0 of 62 bytes failed: Only part of a ReadProcessMemory or WriteProcessMemory request was completed. (0x12B)
[0724/230216.251:ERROR:process_memory_win.cc(73)] ReadMemory at 0x1f94a3dc910 of 60 bytes failed: Only part of a ReadProcessMemory or WriteProcessMemory request was completed. (0x12B)
[0724/230216.251:ERROR:process_memory_win.cc(73)] ReadMemory at 0x1f94a3dc960 of 66 bytes failed: Only part of a ReadProcessMemory or WriteProcessMemory request was completed. (0x12B)
[0724/230216.251:ERROR:process_memory_win.cc(73)] ReadMemory at 0x1f94a3dc9b0 of 66 bytes failed: Only part of a ReadProcessMemory or WriteProcessMemory request was completed. (0x12B)
[0724/230216.251:ERROR:process_memory_win.cc(73)] ReadMemory at 0x1f94a3dca00 of 60 bytes failed: Only part of a ReadProcessMemory or WriteProcessMemory request was completed. (0x12B)
[0724/230216.251:ERROR:process_memory_win.cc(73)] ReadMemory at 0x1f94a3dca50 of 66 bytes failed: Only part of a ReadProcessMemory or WriteProcessMemory request was completed. (0x12B)
[0724/230216.251:ERROR:process_memory_win.cc(73)] ReadMemory at 0x1f94a3dcaf0 of 58 bytes failed: Only part of a ReadProcessMemory or WriteProcessMemory request was completed. (0x12B)
[0724/230216.251:ERROR:process_memory_win.cc(73)] ReadMemory at 0x1f94a3dcc80 of 58 bytes failed: Only part of a ReadProcessMemory or WriteProcessMemory request was completed. (0x12B)
[0724/230216.252:ERROR:process_memory_win.cc(73)] ReadMemory at 0x1f94a3dcd20 of 64 bytes failed: Only part of a ReadProcessMemory or WriteProcessMemory request was completed. (0x12B)
[0724/230216.252:ERROR:process_memory_win.cc(73)] ReadMemory at 0x1f94a3dcd70 of 62 bytes failed: Only part of a ReadProcessMemory or WriteProcessMemory request was completed. (0x12B)
[0724/230216.252:ERROR:process_memory_win.cc(73)] ReadMemory at 0x1f94a3dcebc of 512 bytes failed: Only part of a ReadProcessMemory or WriteProcessMemory request was completed. (0x12B)
[0724/230216.252:ERROR:process_memory_win.cc(73)] ReadMemory at 0x1f94a3de860 of 154 bytes failed: Only part of a ReadProcessMemory or WriteProcessMemory request was completed. (0x12B)
[0724/230216.252:ERROR:process_memory_win.cc(73)] ReadMemory at 0x1f94a3dfc50 of 150 bytes failed: Only part of a ReadProcessMemory or WriteProcessMemory request was completed. (0x12B)
[0724/230216.252:ERROR:process_memory_win.cc(73)] ReadMemory at 0x1f94a3e0d70 of 132 bytes failed: Only part of a ReadProcessMemory or WriteProcessMemory request was completed. (0x12B)
[0724/230216.252:ERROR:process_memory_win.cc(73)] ReadMemory at 0x1f94a3e0ea0 of 132 bytes failed: Only part of a ReadProcessMemory or WriteProcessMemory request was completed. (0x12B)
[0724/230216.252:ERROR:process_memory_win.cc(73)] ReadMemory at 0x1f94a3e0fd0 of 132 bytes failed: Only part of a ReadProcessMemory or WriteProcessMemory request was completed. (0x12B)
[0724/230216.252:ERROR:process_memory_win.cc(73)] ReadMemory at 0x1f94a3e1100 of 132 bytes failed: Only part of a ReadProcessMemory or WriteProcessMemory request was completed. (0x12B)
[0724/230216.252:ERROR:process_memory_win.cc(73)] ReadMemory at 0x1f94a3e1230 of 132 bytes failed: Only part of a ReadProcessMemory or WriteProcessMemory request was completed. (0x12B)
[0724/230216.252:ERROR:process_memory_win.cc(73)] ReadMemory at 0x1f94a3e1360 of 132 bytes failed: Only part of a ReadProcessMemory or WriteProcessMemory request was completed. (0x12B)
[0724/230216.252:ERROR:process_memory_win.cc(73)] ReadMemory at 0x1f94a3e1490 of 132 bytes failed: Only part of a ReadProcessMemory or WriteProcessMemory request was completed. (0x12B)
[0724/230216.252:ERROR:process_memory_win.cc(73)] ReadMemory at 0x1f94a3e15c0 of 132 bytes failed: Only part of a ReadProcessMemory or WriteProcessMemory request was completed. (0x12B)
[0724/230216.252:ERROR:process_memory_win.cc(73)] ReadMemory at 0x1f94a3e16f0 of 132 bytes failed: Only part of a ReadProcessMemory or WriteProcessMemory request was completed. (0x12B)
[0724/230216.253:ERROR:process_memory_win.cc(73)] ReadMemory at 0x1f94a3e1820 of 132 bytes failed: Only part of a ReadProcessMemory or WriteProcessMemory request was completed. (0x12B)
[0724/230216.253:ERROR:process_memory_win.cc(73)] ReadMemory at 0x1f94a3e1950 of 132 bytes failed: Only part of a ReadProcessMemory or WriteProcessMemory request was completed. (0x12B)
[0724/230216.253:ERROR:process_memory_win.cc(73)] ReadMemory at 0x1f94a3e1a80 of 132 bytes failed: Only part of a ReadProcessMemory or WriteProcessMemory request was completed. (0x12B)
[0724/230216.253:ERROR:process_memory_win.cc(73)] ReadMemory at 0x1f94a3e1bb0 of 132 bytes failed: Only part of a ReadProcessMemory or WriteProcessMemory request was completed. (0x12B)
[0724/230216.253:ERROR:process_memory_win.cc(73)] ReadMemory at 0x1f94a3e1ce0 of 132 bytes failed: Only part of a ReadProcessMemory or WriteProcessMemory request was completed. (0x12B)
[0724/230216.253:ERROR:process_memory_win.cc(73)] ReadMemory at 0x1f94a3e1e10 of 132 bytes failed: Only part of a ReadProcessMemory or WriteProcessMemory request was completed. (0x12B)
[0724/230216.253:ERROR:process_memory_win.cc(73)] ReadMemory at 0x1f94a3e1f40 of 132 bytes failed: Only part of a ReadProcessMemory or WriteProcessMemory request was completed. (0x12B)
[0724/230216.253:ERROR:process_memory_win.cc(73)] ReadMemory at 0x1f94a3e21a0 of 132 bytes failed: Only part of a ReadProcessMemory or WriteProcessMemory request was completed. (0x12B)
[0724/230216.253:ERROR:process_memory_win.cc(73)] ReadMemory at 0x1f94a3e22d0 of 132 bytes failed: Only part of a ReadProcessMemory or WriteProcessMemory request was completed. (0x12B)
[0724/230216.253:ERROR:process_memory_win.cc(73)] ReadMemory at 0x1f94a3e2400 of 132 bytes failed: Only part of a ReadProcessMemory or WriteProcessMemory request was completed. (0x12B)
[0724/230216.253:ERROR:process_memory_win.cc(73)] ReadMemory at 0x1f94a3e2530 of 132 bytes failed: Only part of a ReadProcessMemory or WriteProcessMemory request was completed. (0x12B)
[0724/230216.253:ERROR:process_memory_win.cc(73)] ReadMemory at 0x1f94a3e2660 of 132 bytes failed: Only part of a ReadProcessMemory or WriteProcessMemory request was completed. (0x12B)
[0724/230216.253:ERROR:process_memory_win.cc(73)] ReadMemory at 0x1f94a3e2790 of 132 bytes failed: Only part of a ReadProcessMemory or WriteProcessMemory request was completed. (0x12B)
[0724/230216.253:ERROR:process_memory_win.cc(73)] ReadMemory at 0x1f94a3e28c0 of 132 bytes failed: Only part of a ReadProcessMemory or WriteProcessMemory request was completed. (0x12B)
[0724/230216.253:ERROR:process_memory_win.cc(73)] ReadMemory at 0x1f94a3e29f0 of 132 bytes failed: Only part of a ReadProcessMemory or WriteProcessMemory request was completed. (0x12B)
[0724/230216.254:ERROR:process_memory_win.cc(73)] ReadMemory at 0x1f94a3e2b20 of 132 bytes failed: Only part of a ReadProcessMemory or WriteProcessMemory request was completed. (0x12B)
[0724/230216.254:ERROR:process_memory_win.cc(73)] ReadMemory at 0x1f94a3e3c20 of 80 bytes failed: Only part of a ReadProcessMemory or WriteProcessMemory request was completed. (0x12B)
[0724/230216.254:ERROR:process_memory_win.cc(73)] ReadMemory at 0x1f94a3e7540 of 58 bytes failed: Only part of a ReadProcessMemory or WriteProcessMemory request was completed. (0x12B)
[0724/230216.254:ERROR:process_memory_win.cc(73)] ReadMemory at 0x1f94a3f3390 of 64 bytes failed: Only part of a ReadProcessMemory or WriteProcessMemory request was completed. (0x12B)
[0724/230216.254:ERROR:process_memory_win.cc(73)] ReadMemory at 0x1f94a3f33e0 of 60 bytes failed: Only part of a ReadProcessMemory or WriteProcessMemory request was completed. (0x12B)
[0724/230216.254:ERROR:process_memory_win.cc(73)] ReadMemory at 0x1f94a3f3430 of 60 bytes failed: Only part of a ReadProcessMemory or WriteProcessMemory request was completed. (0x12B)
[0724/230216.254:ERROR:process_memory_win.cc(73)] ReadMemory at 0x1f94a3f35c0 of 62 bytes failed: Only part of a ReadProcessMemory or WriteProcessMemory request was completed. (0x12B)
[0724/230216.254:ERROR:process_memory_win.cc(73)] ReadMemory at 0x1f94a3f3610 of 60 bytes failed: Only part of a ReadProcessMemory or WriteProcessMemory request was completed. (0x12B)
[0724/230216.254:ERROR:process_memory_win.cc(73)] ReadMemory at 0x1f94a3f3660 of 64 bytes failed: Only part of a ReadProcessMemory or WriteProcessMemory request was completed. (0x12B)
[0724/230216.254:ERROR:process_memory_win.cc(73)] ReadMemory at 0x1f94a3f36b0 of 64 bytes failed: Only part of a ReadProcessMemory or WriteProcessMemory request was completed. (0x12B)
[0724/230216.254:ERROR:process_memory_win.cc(73)] ReadMemory at 0x1f94a3f37a0 of 58 bytes failed: Only part of a ReadProcessMemory or WriteProcessMemory request was completed. (0x12B)
[0724/230216.254:ERROR:process_memory_win.cc(73)] ReadMemory at 0x1f94a3f37f0 of 60 bytes failed: Only part of a ReadProcessMemory or WriteProcessMemory request was completed. (0x12B)
[0724/230216.254:ERROR:process_memory_win.cc(73)] ReadMemory at 0x1f94a3f3840 of 64 bytes failed: Only part of a ReadProcessMemory or WriteProcessMemory request was completed. (0x12B)
[0724/230216.254:ERROR:process_memory_win.cc(73)] ReadMemory at 0x1f94a3f3890 of 58 bytes failed: Only part of a ReadProcessMemory or WriteProcessMemory request was completed. (0x12B)
[0724/230216.254:ERROR:process_memory_win.cc(73)] ReadMemory at 0x1f94a3f38e0 of 64 bytes failed: Only part of a ReadProcessMemory or WriteProcessMemory request was completed. (0x12B)
[0724/230216.254:ERROR:process_memory_win.cc(73)] ReadMemory at 0x1f94a3f3980 of 62 bytes failed: Only part of a ReadProcessMemory or WriteProcessMemory request was completed. (0x12B)
[0724/230216.254:ERROR:process_memory_win.cc(73)] ReadMemory at 0x1f94a3f3b60 of 64 bytes failed: Only part of a ReadProcessMemory or WriteProcessMemory request was completed. (0x12B)
[0724/230216.255:ERROR:process_memory_win.cc(73)] ReadMemory at 0x1f94a3f3bb0 of 64 bytes failed: Only part of a ReadProcessMemory or WriteProcessMemory request was completed. (0x12B)
[0724/230216.255:ERROR:process_memory_win.cc(73)] ReadMemory at 0x1f94a3f3c00 of 62 bytes failed: Only part of a ReadProcessMemory or WriteProcessMemory request was completed. (0x12B)
[0724/230216.255:ERROR:process_memory_win.cc(73)] ReadMemory at 0x1f94a3f3c50 of 64 bytes failed: Only part of a ReadProcessMemory or WriteProcessMemory request was completed. (0x12B)
[0724/230216.255:ERROR:process_memory_win.cc(73)] ReadMemory at 0x1f94a3f3ca0 of 56 bytes failed: Only part of a ReadProcessMemory or WriteProcessMemory request was completed. (0x12B)
[0724/230216.255:ERROR:process_memory_win.cc(73)] ReadMemory at 0x1f94a3f3cf0 of 68 bytes failed: Only part of a ReadProcessMemory or WriteProcessMemory request was completed. (0x12B)
[0724/230216.255:ERROR:process_memory_win.cc(73)] ReadMemory at 0x1f94a3f3de0 of 62 bytes failed: Only part of a ReadProcessMemory or WriteProcessMemory request was completed. (0x12B)
[0724/230216.255:ERROR:process_memory_win.cc(73)] ReadMemory at 0x1f94a3f3e80 of 60 bytes failed: Only part of a ReadProcessMemory or WriteProcessMemory request was completed. (0x12B)
[0724/230216.255:ERROR:process_memory_win.cc(73)] ReadMemory at 0x1f94a3f3f20 of 60 bytes failed: Only part of a ReadProcessMemory or WriteProcessMemory request was completed. (0x12B)
[0724/230216.255:ERROR:process_memory_win.cc(73)] ReadMemory at 0x1f94a3f4060 of 62 bytes failed: Only part of a ReadProcessMemory or WriteProcessMemory request was completed. (0x12B)
[0724/230216.255:ERROR:process_memory_win.cc(73)] ReadMemory at 0x1f94a3f4240 of 62 bytes failed: Only part of a ReadProcessMemory or WriteProcessMemory request was completed. (0x12B)
[0724/230216.255:ERROR:process_memory_win.cc(73)] ReadMemory at 0x1f94a3f8d80 of 246 bytes failed: Only part of a ReadProcessMemory or WriteProcessMemory request was completed. (0x12B)
[0724/230216.255:ERROR:process_memory_win.cc(73)] ReadMemory at 0x1f94a3fa970 of 54 bytes failed: Only part of a ReadProcessMemory or WriteProcessMemory request was completed. (0x12B)
[0724/230216.255:ERROR:process_memory_win.cc(73)] ReadMemory at 0x1f94a3fe7b0 of 132 bytes failed: Only part of a ReadProcessMemory or WriteProcessMemory request was completed. (0x12B)
[0724/230216.255:ERROR:process_memory_win.cc(73)] ReadMemory at 0x1f94a3feda0 of 132 bytes failed: Only part of a ReadProcessMemory or WriteProcessMemory request was completed. (0x12B)
[0724/230216.256:ERROR:process_memory_win.cc(73)] ReadMemory at 0x1f94a3ff4c0 of 132 bytes failed: Only part of a ReadProcessMemory or WriteProcessMemory request was completed. (0x12B)
[0724/230216.256:ERROR:process_memory_win.cc(73)] ReadMemory at 0x1f94a3ff850 of 132 bytes failed: Only part of a ReadProcessMemory or WriteProcessMemory request was completed. (0x12B)
[0724/230216.256:ERROR:process_memory_win.cc(73)] ReadMemory at 0x1f94a3ffbe0 of 132 bytes failed: Only part of a ReadProcessMemory or WriteProcessMemory request was completed. (0x12B)
[0724/230216.256:ERROR:process_memory_win.cc(73)] ReadMemory at 0x1f94a3fff70 of 132 bytes failed: Only part of a ReadProcessMemory or WriteProcessMemory request was completed. (0x12B)
[0724/230216.256:ERROR:process_memory_win.cc(73)] ReadMemory at 0x1f94a402110 of 512 bytes failed: Only part of a ReadProcessMemory or WriteProcessMemory request was completed. (0x12B)
[0724/230216.256:ERROR:process_memory_win.cc(73)] ReadMemory at 0x1f94a413f20 of 512 bytes failed: Only part of a ReadProcessMemory or WriteProcessMemory request was completed. (0x12B)
[0724/230216.256:ERROR:process_memory_win.cc(73)] ReadMemory at 0x1f94a414f50 of 512 bytes failed: Only part of a ReadProcessMemory or WriteProcessMemory request was completed. (0x12B)
[0724/230216.256:ERROR:process_memory_win.cc(73)] ReadMemory at 0x7ffce9b90000 of 384 bytes failed: Only part of a ReadProcessMemory or WriteProcessMemory request was completed. (0x12B)
[0724/230216.256:ERROR:process_memory_win.cc(73)] ReadMemory at 0x7ffce9c107a0 of 512 bytes failed: Only part of a ReadProcessMemory or WriteProcessMemory request was completed. (0x12B)
[0724/230216.256:ERROR:process_memory_win.cc(73)] ReadMemory at 0x7ffcee4e6c26 of 512 bytes failed: Only part of a ReadProcessMemory or WriteProcessMemory request was completed. (0x12B)
[0724/230216.256:ERROR:process_memory_win.cc(73)] ReadMemory at 0x7ffcee7ea540 of 512 bytes failed: Only part of a ReadProcessMemory or WriteProcessMemory request was completed. (0x12B)
[0724/230216.256:ERROR:process_memory_win.cc(73)] ReadMemory at 0x7ffceec08420 of 512 bytes failed: Only part of a ReadProcessMemory or WriteProcessMemory request was completed. (0x12B)
[0724/230216.256:ERROR:process_memory_win.cc(73)] ReadMemory at 0x7ffd40c690a9 of 512 bytes failed: Only part of a ReadProcessMemory or WriteProcessMemory request was completed. (0x12B)
[0724/230216.256:ERROR:process_memory_win.cc(73)] ReadMemory at 0x7ffd429721f0 of 512 bytes failed: Only part of a ReadProcessMemory or WriteProcessMemory request was completed. (0x12B)
[0724/230216.256:ERROR:process_memory_win.cc(73)] ReadMemory at 0x7ffd4479feba of 512 bytes failed: Only part of a ReadProcessMemory or WriteProcessMemory request was completed. (0x12B)
[0724/230216.257:ERROR:process_memory_win.cc(73)] ReadMemory at 0x7ffd447ef764 of 512 bytes failed: Only part of a ReadProcessMemory or WriteProcessMemory request was completed. (0x12B)
[0724/230216.257:ERROR:process_memory_win.cc(73)] ReadMemory at 0x7ffd447efd64 of 512 bytes failed: Only part of a ReadProcessMemory or WriteProcessMemory request was completed. (0x12B)
[0724/230216.257:ERROR:process_memory_win.cc(73)] ReadMemory at 0x7ffd447f2ff4 of 608 bytes failed: Only part of a ReadProcessMemory or WriteProcessMemory request was completed. (0x12B)
[0724/230216.257:ERROR:process_memory_win.cc(73)] ReadMemory at 0x7ffd4487c0c8 of 18 bytes failed: Only part of a ReadProcessMemory or WriteProcessMemory request was completed. (0x12B)
[0724/230216.257:ERROR:process_memory_win.cc(73)] ReadMemory at 0x7ffd448af4f8 of 40 bytes failed: Only part of a ReadProcessMemory or WriteProcessMemory request was completed. (0x12B)
[0724/230216.257:ERROR:process_memory_win.cc(73)] ReadMemory at 0x7ffd448af978 of 48 bytes failed: Only part of a ReadProcessMemory or WriteProcessMemory request was completed. (0x12B)
[0724/230216.257:ERROR:process_memory_win.cc(73)] ReadMemory at 0x7ffd448b53a0 of 64 bytes failed: Only part of a ReadProcessMemory or WriteProcessMemory request was completed. (0x12B)
[0724/230216.266:ERROR:scoped_process_suspend.cc(40)] NtResumeProcess: An attempt was made to access an exiting process. (0xc000010a)
